# JRE version: Java(TM) SE Runtime Environment (17.0.1+12) (build 17.0.1+12-LTS-39)
# Java VM: Java HotSpot(TM) 64-Bit Server VM (17.0.1+12-LTS-39, mixed mode, sharing, tiered, compressed oops, compressed class ptrs, g1 gc, windows-amd64)
GC Precious Log:
 CPUs: 4 total, 4 available
 Memory: 16268M
 Large Page Support: Disabled
 NUMA Support: Disabled
 Compressed Oops: Enabled (Zero based)
 Heap Region Size: 2M
 Heap Min Capacity: 8M
 Heap Initial Capacity: 256M
 Heap Max Capacity: 4068M
 Pre-touch: Disabled
 Parallel Workers: 4
 Concurrent Workers: 1
 Concurrent Refinement Workers: 4
 Periodic GC: Disabled
Heap:
 garbage-first heap   total 262144K, used 18933K [0x0000000701c00000, 0x0000000800000000)
  region size 2048K, 5 young (10240K), 2 survivors (4096K)
 Metaspace       used 17605K, committed 17792K, reserved 1064960K
  class space    used 2003K, committed 2112K, reserved 1048576K
GC Heap History (12 events):
Event: 0.562 GC heap before
{Heap before GC invocations=0 (full 0):
 garbage-first heap   total 262144K, used 12288K [0x0000000701c00000, 0x0000000800000000)
  region size 2048K, 6 young (12288K), 0 survivors (0K)
 Metaspace       used 4993K, committed 5184K, reserved 1056768K
  class space    used 517K, committed 640K, reserved 1048576K
}
Event: 0.566 GC heap after
{Heap after GC invocations=1 (full 0):
 garbage-first heap   total 262144K, used 3455K [0x0000000701c00000, 0x0000000800000000)
  region size 2048K, 1 young (2048K), 1 survivors (2048K)
 Metaspace       used 4993K, committed 5184K, reserved 1056768K
  class space    used 517K, committed 640K, reserved 1048576K
}
Event: 0.851 GC heap before
{Heap before GC invocations=1 (full 0):
 garbage-first heap   total 262144K, used 13695K [0x0000000701c00000, 0x0000000800000000)
  region size 2048K, 6 young (12288K), 1 survivors (2048K)
 Metaspace       used 8833K, committed 9088K, reserved 1064960K
  class space    used 964K, committed 1088K, reserved 1048576K
}
Event: 0.853 GC heap after
{Heap after GC invocations=2 (full 0):
 garbage-first heap   total 262144K, used 4801K [0x0000000701c00000, 0x0000000800000000)
  region size 2048K, 1 young (2048K), 1 survivors (2048K)
 Metaspace       used 8833K, committed 9088K, reserved 1064960K
  class space    used 964K, committed 1088K, reserved 1048576K
}
Event: 14.631 GC heap before
{Heap before GC invocations=2 (full 0):
 garbage-first heap   total 262144K, used 37569K [0x0000000701c00000, 0x0000000800000000)
  region size 2048K, 13 young (26624K), 1 survivors (2048K)
 Metaspace       used 17306K, committed 17472K, reserved 1064960K
  class space    used 1991K, committed 2048K, reserved 1048576K
}
Event: 14.634 GC heap after
{Heap after GC invocations=3 (full 0):
 garbage-first heap   total 262144K, used 16810K [0x0000000701c00000, 0x0000000800000000)
  region size 2048K, 2 young (4096K), 2 survivors (4096K)
 Metaspace       used 17306K, committed 17472K, reserved 1064960K
  class space    used 1991K, committed 2048K, reserved 1048576K
}
Event: 18.360 GC heap before
{Heap before GC invocations=3 (full 0):
 garbage-first heap   total 262144K, used 141738K [0x0000000701c00000, 0x0000000800000000)
  region size 2048K, 63 young (129024K), 2 survivors (4096K)
 Metaspace       used 17475K, committed 17664K, reserved 1064960K
  class space    used 1993K, committed 2048K, reserved 1048576K
}
Event: 18.362 GC heap after
{Heap after GC invocations=4 (full 0):
 garbage-first heap   total 262144K, used 14893K [0x0000000701c00000, 0x0000000800000000)
  region size 2048K, 2 young (4096K), 2 survivors (4096K)
 Metaspace       used 17475K, committed 17664K, reserved 1064960K
  class space    used 1993K, committed 2048K, reserved 1048576K
}
Event: 20.215 GC heap before
{Heap before GC invocations=4 (full 0):
 garbage-first heap   total 262144K, used 166445K [0x0000000701c00000, 0x0000000800000000)
  region size 2048K, 76 young (155648K), 2 survivors (4096K)
 Metaspace       used 17513K, committed 17728K, reserved 1064960K
  class space    used 1993K, committed 2048K, reserved 1048576K
}
Event: 20.217 GC heap after
{Heap after GC invocations=5 (full 0):
 garbage-first heap   total 262144K, used 14816K [0x0000000701c00000, 0x0000000800000000)
  region size 2048K, 2 young (4096K), 2 survivors (4096K)
 Metaspace       used 17513K, committed 17728K, reserved 1064960K
  class space    used 1993K, committed 2048K, reserved 1048576K
}
Event: 52.221 GC heap before
{Heap before GC invocations=5 (full 0):
 garbage-first heap   total 262144K, used 166368K [0x0000000701c00000, 0x0000000800000000)
  region size 2048K, 76 young (155648K), 2 survivors (4096K)
 Metaspace       used 17518K, committed 17728K, reserved 1064960K
  class space    used 1993K, committed 2048K, reserved 1048576K
}
Event: 52.224 GC heap after
{Heap after GC invocations=6 (full 0):
 garbage-first heap   total 262144K, used 14837K [0x0000000701c00000, 0x0000000800000000)
  region size 2048K, 2 young (4096K), 2 survivors (4096K)
 Metaspace       used 17518K, committed 17728K, reserved 1064960K
  class space    used 1993K, committed 2048K, reserved 1048576K
}

